--------------------------
Wed Dec  9 14:51:32 PST 2020
--------------------------
Using Java version: 15.0.1
14:51:33.963 [main] INFO  org.apache.hyracks.control.nc.service.NCService - Waiting for connection from CC on *:9091
14:51:35.542 [main] INFO  org.apache.hyracks.control.nc.service.NCService - Using JAVA_OPTS from conf file (jvm.args)
14:51:35.543 [main] INFO  org.apache.hyracks.control.nc.service.NCService - Setting JAVA_OPTS to -XX:MaxGCPauseMillis=25000 -Xmx9831m
14:51:35.544 [main] INFO  org.apache.hyracks.control.nc.service.NCService - Launching NCDriver process
Using Java version: 15.0.1
14:51:37.479 [main] WARN  org.apache.hyracks.control.nc.NCLogConfigurationFactory - logs are being redirected to: /Users/ericboris/apache-asterixdb-0.9.6/opt/local/logs/nc-asterix_nc2.log
WARNING: An illegal reflective access operation has occurred
WARNING: Illegal reflective access by org.apache.hyracks.util.ExitUtil$ExitThread (file:/Users/ericboris/apache-asterixdb-0.9.6/repo/hyracks-util-0.3.6.jar) to field java.lang.ApplicationShutdownHooks.hooks
WARNING: Please consider reporting this to the maintainers of org.apache.hyracks.util.ExitUtil$ExitThread
WARNING: Use --illegal-access=warn to enable warnings of further illegal reflective access operations
WARNING: All illegal access operations will be denied in a future release
14:52:08.392 [main] INFO  org.apache.hyracks.control.nc.service.NCService - NCDriver exited with return value 99
14:52:08.407 [main] INFO  org.apache.hyracks.control.nc.service.NCService - Terminating NCService based on return value from NCDriver
14:52:08.408 [main] INFO  org.apache.hyracks.control.nc.service.NCService - JVM Exiting.. Bye!
--------------------------
Wed Dec  9 15:50:24 PST 2020
--------------------------
Using Java version: 15.0.1
15:50:26.333 [main] INFO  org.apache.hyracks.control.nc.service.NCService - Waiting for connection from CC on *:9091
15:50:27.743 [main] INFO  org.apache.hyracks.control.nc.service.NCService - Using JAVA_OPTS from conf file (jvm.args)
15:50:27.744 [main] INFO  org.apache.hyracks.control.nc.service.NCService - Setting JAVA_OPTS to -XX:MaxGCPauseMillis=25000 -Xmx9831m
15:50:27.745 [main] INFO  org.apache.hyracks.control.nc.service.NCService - Launching NCDriver process
Using Java version: 15.0.1
15:50:29.233 [main] WARN  org.apache.hyracks.control.nc.NCLogConfigurationFactory - logs are being redirected to: /Users/ericboris/apache-asterixdb-0.9.6/opt/local/logs/nc-asterix_nc2.log
WARNING: An illegal reflective access operation has occurred
WARNING: Illegal reflective access by org.apache.hyracks.util.ExitUtil$ExitThread (file:/Users/ericboris/apache-asterixdb-0.9.6/repo/hyracks-util-0.3.6.jar) to field java.lang.ApplicationShutdownHooks.hooks
WARNING: Please consider reporting this to the maintainers of org.apache.hyracks.util.ExitUtil$ExitThread
WARNING: Use --illegal-access=warn to enable warnings of further illegal reflective access operations
WARNING: All illegal access operations will be denied in a future release
22:23:57.897 [main] INFO  org.apache.hyracks.control.nc.service.NCService - NCDriver exited with return value 99
22:23:57.913 [main] INFO  org.apache.hyracks.control.nc.service.NCService - Terminating NCService based on return value from NCDriver
22:23:57.913 [main] INFO  org.apache.hyracks.control.nc.service.NCService - JVM Exiting.. Bye!
--------------------------
Thu Dec 10 15:19:46 PST 2020
--------------------------
Using Java version: 15.0.1
15:19:47.788 [main] INFO  org.apache.hyracks.control.nc.service.NCService - Waiting for connection from CC on *:9091
15:19:49.119 [main] INFO  org.apache.hyracks.control.nc.service.NCService - Using JAVA_OPTS from conf file (jvm.args)
15:19:49.120 [main] INFO  org.apache.hyracks.control.nc.service.NCService - Setting JAVA_OPTS to -XX:MaxGCPauseMillis=25000 -Xmx9831m
15:19:49.120 [main] INFO  org.apache.hyracks.control.nc.service.NCService - Launching NCDriver process
Using Java version: 15.0.1
15:19:50.548 [main] WARN  org.apache.hyracks.control.nc.NCLogConfigurationFactory - logs are being redirected to: /Users/ericboris/Documents/CSE 344/HW7/apache/opt/local/logs/nc-asterix_nc2.log
--------------------------
Thu Dec 10 16:44:01 PST 2020
--------------------------
Using Java version: 15.0.1
16:44:03.162 [main] INFO  org.apache.hyracks.control.nc.service.NCService - Waiting for connection from CC on *:9091
16:44:04.601 [main] INFO  org.apache.hyracks.control.nc.service.NCService - Using JAVA_OPTS from conf file (jvm.args)
16:44:04.602 [main] INFO  org.apache.hyracks.control.nc.service.NCService - Setting JAVA_OPTS to -XX:MaxGCPauseMillis=25000 -Xmx9831m
16:44:04.603 [main] INFO  org.apache.hyracks.control.nc.service.NCService - Launching NCDriver process
Using Java version: 15.0.1
16:44:06.103 [main] WARN  org.apache.hyracks.control.nc.NCLogConfigurationFactory - logs are being redirected to: /Users/ericboris/Documents/CSE 344/HW7/apache/opt/local/logs/nc-asterix_nc2.log
WARNING: An illegal reflective access operation has occurred
WARNING: Illegal reflective access by org.apache.hyracks.util.ExitUtil$ExitThread (file:/Users/ericboris/Documents/CSE%20344/HW7/apache/repo/hyracks-util-0.3.6.jar) to field java.lang.ApplicationShutdownHooks.hooks
WARNING: Please consider reporting this to the maintainers of org.apache.hyracks.util.ExitUtil$ExitThread
WARNING: Use --illegal-access=warn to enable warnings of further illegal reflective access operations
WARNING: All illegal access operations will be denied in a future release
17:24:17.922 [main] INFO  org.apache.hyracks.control.nc.service.NCService - NCDriver exited with return value 99
17:24:17.939 [main] INFO  org.apache.hyracks.control.nc.service.NCService - Terminating NCService based on return value from NCDriver
17:24:17.939 [main] INFO  org.apache.hyracks.control.nc.service.NCService - JVM Exiting.. Bye!
--------------------------
Thu Dec 10 17:43:03 PST 2020
--------------------------
Using Java version: 15.0.1
17:43:05.469 [main] INFO  org.apache.hyracks.control.nc.service.NCService - Waiting for connection from CC on *:9091
17:43:06.822 [main] INFO  org.apache.hyracks.control.nc.service.NCService - Using JAVA_OPTS from conf file (jvm.args)
17:43:06.824 [main] INFO  org.apache.hyracks.control.nc.service.NCService - Setting JAVA_OPTS to -XX:MaxGCPauseMillis=25000 -Xmx9831m
17:43:06.824 [main] INFO  org.apache.hyracks.control.nc.service.NCService - Launching NCDriver process
Using Java version: 15.0.1
17:43:08.585 [main] WARN  org.apache.hyracks.control.nc.NCLogConfigurationFactory - logs are being redirected to: /Users/ericboris/Documents/CSE 344/HW7/apache/opt/local/logs/nc-asterix_nc2.log
WARNING: An illegal reflective access operation has occurred
WARNING: Illegal reflective access by org.apache.hyracks.util.ExitUtil$ExitThread (file:/Users/ericboris/Documents/CSE%20344/HW7/apache/repo/hyracks-util-0.3.6.jar) to field java.lang.ApplicationShutdownHooks.hooks
WARNING: Please consider reporting this to the maintainers of org.apache.hyracks.util.ExitUtil$ExitThread
WARNING: Use --illegal-access=warn to enable warnings of further illegal reflective access operations
WARNING: All illegal access operations will be denied in a future release
18:11:59.837 [main] INFO  org.apache.hyracks.control.nc.service.NCService - NCDriver exited with return value 99
18:11:59.856 [main] INFO  org.apache.hyracks.control.nc.service.NCService - Terminating NCService based on return value from NCDriver
18:11:59.856 [main] INFO  org.apache.hyracks.control.nc.service.NCService - JVM Exiting.. Bye!
--------------------------
Thu Dec 10 18:12:10 PST 2020
--------------------------
Using Java version: 15.0.1
18:12:11.583 [main] INFO  org.apache.hyracks.control.nc.service.NCService - Waiting for connection from CC on *:9091
18:12:12.920 [main] INFO  org.apache.hyracks.control.nc.service.NCService - Using JAVA_OPTS from conf file (jvm.args)
18:12:12.921 [main] INFO  org.apache.hyracks.control.nc.service.NCService - Setting JAVA_OPTS to -XX:MaxGCPauseMillis=25000 -Xmx9831m
18:12:12.922 [main] INFO  org.apache.hyracks.control.nc.service.NCService - Launching NCDriver process
Using Java version: 15.0.1
18:12:14.410 [main] WARN  org.apache.hyracks.control.nc.NCLogConfigurationFactory - logs are being redirected to: /Users/ericboris/Documents/CSE 344/HW7/apache/opt/local/logs/nc-asterix_nc2.log
WARNING: An illegal reflective access operation has occurred
WARNING: Illegal reflective access by org.apache.hyracks.util.ExitUtil$ExitThread (file:/Users/ericboris/Documents/CSE%20344/HW7/apache/repo/hyracks-util-0.3.6.jar) to field java.lang.ApplicationShutdownHooks.hooks
WARNING: Please consider reporting this to the maintainers of org.apache.hyracks.util.ExitUtil$ExitThread
WARNING: Use --illegal-access=warn to enable warnings of further illegal reflective access operations
WARNING: All illegal access operations will be denied in a future release
17:08:57.245 [main] INFO  org.apache.hyracks.control.nc.service.NCService - NCDriver exited with return value 99
17:08:57.269 [main] INFO  org.apache.hyracks.control.nc.service.NCService - Terminating NCService based on return value from NCDriver
17:08:57.270 [main] INFO  org.apache.hyracks.control.nc.service.NCService - JVM Exiting.. Bye!
