17:08:54.170 [HttpExecutor(port:19002)-12] INFO  org.apache.asterix.runtime.utils.ClusterStateManager - updating cluster state from ACTIVE to SHUTTING_DOWN
17:08:54.171 [HttpExecutor(port:19002)-12] INFO  org.apache.asterix.runtime.utils.ClusterStateManager - Cluster State is now SHUTTING_DOWN
17:08:54.182 [Worker:ClusterController] INFO  org.apache.hyracks.control.cc.work.ClusterShutdownWork - Notifying NC asterix_nc2 to shutdown...
17:08:54.182 [Worker:ClusterController] INFO  org.apache.hyracks.control.cc.work.ClusterShutdownWork - Notifying NC asterix_nc1 to shutdown...
17:08:54.186 [ClusterShutdownWork-Helper] INFO  org.apache.hyracks.control.cc.work.ClusterShutdownWork - Waiting for NCs to shutdown...
17:08:56.694 [Worker:ClusterController] INFO  org.apache.hyracks.control.cc.work.NotifyShutdownWork - Received shutdown acknowledgement from node asterix_nc2
17:08:57.179 [TCPEndpoint IO Thread [null]] ERROR org.apache.hyracks.net.protocols.tcp.TCPEndpoint - Unexpected tcp io error in connection TCPConnection[Remote Address: /127.0.0.1:50311 Local Address: null]
org.apache.hyracks.api.exceptions.NetException: Socket Closed
	at org.apache.hyracks.net.protocols.muxdemux.MultiplexedConnection.driveReaderStateMachine(MultiplexedConnection.java:360) ~[hyracks-net-0.3.6.jar:0.3.6]
	at org.apache.hyracks.net.protocols.muxdemux.MultiplexedConnection.notifyIOReady(MultiplexedConnection.java:119) ~[hyracks-net-0.3.6.jar:0.3.6]
	at org.apache.hyracks.net.protocols.tcp.TCPEndpoint$IOThread.run(TCPEndpoint.java:199) [hyracks-net-0.3.6.jar:0.3.6]
17:08:57.826 [Worker:ClusterController] INFO  org.apache.hyracks.control.cc.work.NotifyShutdownWork - Received shutdown acknowledgement from node asterix_nc1
17:08:57.837 [Worker:ClusterController] INFO  org.apache.hyracks.control.cc.work.ShutdownNCServiceWork - Connecting to NC service 'asterix_nc1' at 127.0.0.1:9090
17:08:57.842 [Worker:ClusterController] INFO  org.apache.hyracks.control.cc.work.ShutdownNCServiceWork - Connecting to NC service 'asterix_nc2' at 127.0.0.1:9091
17:08:57.843 [Worker:ClusterController] WARN  org.apache.hyracks.control.cc.work.ShutdownNCServiceWork - Failed to contact NC service 'asterix_nc2' at 127.0.0.1:9091
java.net.ConnectException: Connection refused
	at sun.nio.ch.Net.connect0(Native Method) ~[?:?]
	at sun.nio.ch.Net.connect(Net.java:574) ~[?:?]
	at sun.nio.ch.Net.connect(Net.java:563) ~[?:?]
	at sun.nio.ch.NioSocketImpl.connect(NioSocketImpl.java:588) ~[?:?]
	at java.net.SocksSocketImpl.connect(SocksSocketImpl.java:333) ~[?:?]
	at java.net.Socket.connect(Socket.java:648) ~[?:?]
	at java.net.Socket.connect(Socket.java:597) ~[?:?]
	at java.net.Socket.<init>(Socket.java:520) ~[?:?]
	at java.net.Socket.<init>(Socket.java:294) ~[?:?]
	at org.apache.hyracks.control.cc.work.ShutdownNCServiceWork.doRun(ShutdownNCServiceWork.java:54) [hyracks-control-cc-0.3.6.jar:0.3.6]
	at org.apache.hyracks.control.common.work.SynchronizableWork.run(SynchronizableWork.java:43) [hyracks-control-common-0.3.6.jar:0.3.6]
	at org.apache.hyracks.control.common.work.WorkQueue$WorkerThread.run(WorkQueue.java:127) [hyracks-control-common-0.3.6.jar:0.3.6]
17:08:57.846 [ClusterShutdownWork-Helper] INFO  org.apache.hyracks.control.cc.ClusterControllerService - Stopping ClusterControllerService
17:08:57.846 [ClusterShutdownWork-Helper] INFO  org.apache.asterix.hyracks.bootstrap.CCApplication - Stopping Asterix cluster controller
17:08:57.846 [ClusterShutdownWork-Helper] INFO  org.apache.asterix.runtime.utils.ClusterStateManager - ignoring update to same cluster state of SHUTTING_DOWN
17:08:57.847 [ActiveNotificationHandler] WARN  org.apache.hyracks.api.util.SingleThreadEventProcessor - Stopped ActiveNotificationHandler
17:08:57.848 [ClusterShutdownWork-Helper] INFO  org.apache.asterix.metadata.bootstrap.AsterixStateProxy - Asterix Distributed State Proxy Unbound
17:08:58.297 [TCPEndpoint IO Thread [null]] ERROR org.apache.hyracks.net.protocols.tcp.TCPEndpoint - Unexpected tcp io error in connection TCPConnection[Remote Address: /127.0.0.1:50314 Local Address: null]
org.apache.hyracks.api.exceptions.NetException: Socket Closed
	at org.apache.hyracks.net.protocols.muxdemux.MultiplexedConnection.driveReaderStateMachine(MultiplexedConnection.java:360) ~[hyracks-net-0.3.6.jar:0.3.6]
	at org.apache.hyracks.net.protocols.muxdemux.MultiplexedConnection.notifyIOReady(MultiplexedConnection.java:119) ~[hyracks-net-0.3.6.jar:0.3.6]
	at org.apache.hyracks.net.protocols.tcp.TCPEndpoint$IOThread.run(TCPEndpoint.java:199) [hyracks-net-0.3.6.jar:0.3.6]
17:09:02.003 [Executor-1:ClusterController] WARN  org.apache.hyracks.control.cc.result.ResultDirectoryService - Result cleaner thread interrupted, shutting down.
17:09:02.009 [ClusterShutdownWork-Helper] INFO  org.apache.hyracks.control.cc.ClusterControllerService - Stopped ClusterControllerService
17:09:02.010 [ShutdownWatchdog] INFO  org.apache.hyracks.util.ExitUtil - starting shutdown watchdog- system will halt if shutdown is not completed within 600 seconds
17:09:02.010 [JVM exit thread] WARN  org.apache.hyracks.util.ExitUtil - JVM exiting with status 0; bye!
java.lang.Throwable: exit callstack
	at org.apache.hyracks.util.ExitUtil.exit(ExitUtil.java:89) ~[hyracks-util-0.3.6.jar:0.3.6]
	at org.apache.hyracks.control.cc.work.ClusterShutdownWork.lambda$doRun$0(ClusterShutdownWork.java:90) ~[hyracks-control-cc-0.3.6.jar:0.3.6]
	at java.lang.Thread.run(Thread.java:832) ~[?:?]
17:09:02.017 [JVM exit thread] INFO  org.apache.hyracks.util.ExitUtil - the following (2) shutdown hooks have been registered: {Thread[Logging-Cleaner,5,main]=Thread[Logging-Cleaner,5,main], Thread[ShutdownHook-ClusterControllerService,5,main]=Thread[ShutdownHook-ClusterControllerService,5,main]}
17:09:02.018 [ShutdownHook-ClusterControllerService] INFO  org.apache.hyracks.control.common.ControllerShutdownHook - Shutdown hook called
17:09:02.020 [ShutdownHook-ClusterControllerService] INFO  org.apache.hyracks.control.cc.ClusterControllerService - Stopping ClusterControllerService
17:09:02.020 [ShutdownHook-ClusterControllerService] INFO  org.apache.asterix.hyracks.bootstrap.CCApplication - Stopping Asterix cluster controller
17:09:02.020 [ShutdownHook-ClusterControllerService] INFO  org.apache.asterix.runtime.utils.ClusterStateManager - ignoring update to same cluster state of SHUTTING_DOWN
17:09:02.020 [ShutdownHook-ClusterControllerService] WARN  org.apache.hyracks.control.common.ControllerShutdownHook - Exception in executing shutdown hook
java.rmi.NoSuchObjectException: object not exported
	at sun.rmi.transport.ObjectTable.unexportObject(ObjectTable.java:151) ~[?:?]
	at java.rmi.server.UnicastRemoteObject.unexportObject(UnicastRemoteObject.java:454) ~[?:?]
	at org.apache.asterix.metadata.bootstrap.AsterixStateProxy.unregisterRemoteObject(AsterixStateProxy.java:63) ~[asterix-metadata-0.9.6.jar:0.9.6]
	at org.apache.asterix.hyracks.bootstrap.CCApplication.stop(CCApplication.java:255) ~[asterix-app-0.9.6.jar:0.9.6]
	at org.apache.hyracks.control.cc.ClusterControllerService.stopApplication(ClusterControllerService.java:354) ~[hyracks-control-cc-0.3.6.jar:0.3.6]
	at org.apache.hyracks.control.cc.ClusterControllerService.stop(ClusterControllerService.java:338) ~[hyracks-control-cc-0.3.6.jar:0.3.6]
	at org.apache.hyracks.control.common.ControllerShutdownHook.run(ControllerShutdownHook.java:51) [hyracks-control-common-0.3.6.jar:0.3.6]
